2018/08/24 18:06:23.603 [D]  InitKafka success...:
2018/08/24 18:06:23.603 [D]  Kafka start consume...:
2018/08/24 18:06:23.610 [D]  START Consume......
2018/08/24 18:06:23.610 [D]  START Consume......
2018/08/24 18:06:23.611 [D]  START Consume......
2018/08/24 18:06:23.614 [D]  Topic = new_topic    Value = 2018/08/23 18:04:36.383 [D]  init log failed...
2018/08/24 18:06:23.617 [D]  Topic = log_error    Value = 2018/08/23 18:04:36.383 [D]  init log success...
2018/08/24 18:06:23.617 [D]  Topic = log_normal    Value = 2018/08/23 18:04:36.383 [D]  init log success...
2018/08/24 18:06:24.235 [D]  Send to ES Server Success. Data = 2018/08/23 18:04:36.383 [D]  init log success...  Topic = log_normal
2018/08/24 18:06:24.235 [D]  Topic = log_normal    Value = 2018/08/23 18:28:47.163 [D]  init log success...
2018/08/24 18:06:24.235 [D]  Send to ES Server Success. Data = 2018/08/23 18:04:36.383 [D]  init log failed...  Topic = new_topic
2018/08/24 18:06:24.235 [D]  Topic = new_topic    Value = 2018/08/23 18:04:36.383 [D]  init log failed...
2018/08/24 18:06:24.235 [D]  Send to ES Server Success. Data = 2018/08/23 18:04:36.383 [D]  init log success...  Topic = log_error
2018/08/24 18:06:24.235 [D]  Topic = log_error    Value = 2018/08/23 18:28:47.163 [D]  init log success...
2018/08/24 18:06:24.238 [D]  Send to ES Server Success. Data = 2018/08/23 18:28:47.163 [D]  init log success...  Topic = log_error
2018/08/24 18:06:24.238 [D]  Topic = log_error    Value = 2018/08/23 18:28:47.163 [D]  init etcd success...
2018/08/24 18:06:24.245 [D]  Send to ES Server Success. Data = 2018/08/23 18:28:47.163 [D]  init log success...  Topic = log_normal
2018/08/24 18:06:24.245 [D]  Topic = log_normal    Value = 2018/08/23 18:28:47.163 [D]  init etcd success...
2018/08/24 18:06:24.257 [D]  Send to ES Server Success. Data = 2018/08/23 18:28:47.163 [D]  init etcd success...  Topic = log_error
2018/08/24 18:06:24.257 [D]  Topic = log_error    Value = 2018/08/23 18:28:47.175 [D]  init kafka server success...
2018/08/24 18:06:24.261 [D]  Send to ES Server Success. Data = 2018/08/23 18:04:36.383 [D]  init log failed...  Topic = new_topic
2018/08/24 18:06:24.261 [D]  Topic = new_topic    Value = 2018/08/23 18:28:47.163 [D]  init log failed...
2018/08/24 18:06:24.270 [D]  Send to ES Server Success. Data = 2018/08/23 18:28:47.163 [D]  init etcd success...  Topic = log_normal
2018/08/24 18:06:24.270 [D]  Topic = log_normal    Value = 2018/08/23 18:28:47.175 [D]  init kafka server success...
2018/08/24 18:06:24.279 [D]  Send to ES Server Success. Data = 2018/08/23 18:28:47.175 [D]  init kafka server success...  Topic = log_error
2018/08/24 18:06:24.279 [D]  Topic = log_error    Value = 1
2018/08/24 18:06:24.286 [D]  Send to ES Server Success. Data = 2018/08/23 18:28:47.163 [D]  init log failed...  Topic = new_topic
2018/08/24 18:06:24.286 [D]  Topic = new_topic    Value = 2018/08/23 18:28:47.163 [D]  init log failed...
2018/08/24 18:06:24.287 [D]  Send to ES Server Success. Data = 1  Topic = log_error
2018/08/24 18:06:24.287 [D]  Topic = log_error    Value = nihao
2018/08/24 18:06:24.296 [D]  Send to ES Server Success. Data = 2018/08/23 18:28:47.175 [D]  init kafka server success...  Topic = log_normal
2018/08/24 18:06:24.297 [D]  Topic = log_normal    Value = 2018/08/23 18:04:36.383 [D]  init log success...
2018/08/24 18:06:24.297 [D]  Send to ES Server Success. Data = 2018/08/23 18:28:47.163 [D]  init log failed...  Topic = new_topic
2018/08/24 18:06:24.297 [D]  Topic = new_topic    Value = 2018/08/23 18:28:47.163 [D]  init etcd failed...
2018/08/24 18:06:24.303 [D]  Send to ES Server Success. Data = 2018/08/23 18:04:36.383 [D]  init log success...  Topic = log_normal
2018/08/24 18:06:24.303 [D]  Topic = log_normal    Value = 2018/08/23 18:28:47.163 [D]  init log success...
2018/08/24 18:06:24.311 [D]  Send to ES Server Success. Data = 2018/08/23 18:28:47.163 [D]  init etcd failed...  Topic = new_topic
2018/08/24 18:06:24.311 [D]  Topic = new_topic    Value = 2018/08/23 18:28:47.163 [D]  init etcd failed...
2018/08/24 18:06:24.311 [D]  Send to ES Server Success. Data = 2018/08/23 18:28:47.163 [D]  init log success...  Topic = log_normal
2018/08/24 18:06:24.312 [D]  Topic = log_normal    Value = 2018/08/23 18:28:47.163 [D]  init etcd success...
2018/08/24 18:06:24.311 [D]  Send to ES Server Success. Data = nihao  Topic = log_error
2018/08/24 18:06:24.312 [D]  Topic = log_error    Value = 
2018/08/24 18:06:24.316 [D]  Send to ES Server Success. Data =   Topic = log_error
2018/08/24 18:06:24.316 [D]  Topic = log_error    Value = jiangwei
2018/08/24 18:06:24.317 [D]  Send to ES Server Success. Data = 2018/08/23 18:28:47.163 [D]  init etcd failed...  Topic = new_topic
2018/08/24 18:06:24.320 [D]  Send to ES Server Success. Data = 2018/08/23 18:28:47.163 [D]  init etcd success...  Topic = log_normal
2018/08/24 18:06:24.320 [D]  Topic = log_normal    Value = 2018/08/23 18:28:47.175 [D]  init kafka server success...
2018/08/24 18:06:24.321 [D]  Send to ES Server Success. Data = jiangwei  Topic = log_error
2018/08/24 18:06:24.321 [D]  Topic = log_error    Value = 
2018/08/24 18:06:24.326 [D]  Send to ES Server Success. Data = 2018/08/23 18:28:47.175 [D]  init kafka server success...  Topic = log_normal
2018/08/24 18:06:24.326 [D]  Topic = log_normal    Value = 2018/08/23 18:04:36.383 [D]  init log success...
2018/08/24 18:06:24.329 [D]  Send to ES Server Success. Data = 2018/08/23 18:04:36.383 [D]  init log success...  Topic = log_normal
2018/08/24 18:06:24.329 [D]  Topic = log_normal    Value = 2018/08/23 18:28:47.163 [D]  init log success...
2018/08/24 18:06:24.332 [D]  Send to ES Server Success. Data =   Topic = log_error
2018/08/24 18:06:24.332 [D]  Topic = log_error    Value = 2018/08/23 18:04:36.383 [D]  init log success...
2018/08/24 18:06:24.332 [D]  Send to ES Server Success. Data = 2018/08/23 18:28:47.163 [D]  init log success...  Topic = log_normal
2018/08/24 18:06:24.332 [D]  Topic = log_normal    Value = 2018/08/23 18:28:47.163 [D]  init etcd success...
2018/08/24 18:06:24.341 [D]  Send to ES Server Success. Data = 2018/08/23 18:04:36.383 [D]  init log success...  Topic = log_error
2018/08/24 18:06:24.341 [D]  Topic = log_error    Value = 2018/08/23 18:28:47.163 [D]  init log success...
2018/08/24 18:06:24.343 [D]  Send to ES Server Success. Data = 2018/08/23 18:28:47.163 [D]  init etcd success...  Topic = log_normal
2018/08/24 18:06:24.343 [D]  Topic = log_normal    Value = 2018/08/23 18:28:47.175 [D]  init kafka server success...
2018/08/24 18:06:24.348 [D]  Send to ES Server Success. Data = 2018/08/23 18:28:47.163 [D]  init log success...  Topic = log_error
2018/08/24 18:06:24.349 [D]  Topic = log_error    Value = 2018/08/23 18:28:47.163 [D]  init etcd success...
2018/08/24 18:06:24.350 [D]  Send to ES Server Success. Data = 2018/08/23 18:28:47.175 [D]  init kafka server success...  Topic = log_normal
2018/08/24 18:06:24.350 [D]  Topic = log_normal    Value = i am a chinese
2018/08/24 18:06:24.352 [D]  Send to ES Server Success. Data = 2018/08/23 18:28:47.163 [D]  init etcd success...  Topic = log_error
2018/08/24 18:06:24.352 [D]  Topic = log_error    Value = 2018/08/23 18:28:47.175 [D]  init kafka server success...
2018/08/24 18:06:24.356 [D]  Send to ES Server Success. Data = 2018/08/23 18:28:47.175 [D]  init kafka server success...  Topic = log_error
2018/08/24 18:06:24.356 [D]  Topic = log_error    Value = 2018/08/23 18:04:36.383 [D]  init log success...
2018/08/24 18:06:24.356 [D]  Send to ES Server Success. Data = i am a chinese  Topic = log_normal
2018/08/24 18:06:24.356 [D]  Topic = log_normal    Value = 2018/08/23 18:28:47.163 [D]  init log success...
2018/08/24 18:06:24.359 [D]  Send to ES Server Success. Data = 2018/08/23 18:04:36.383 [D]  init log success...  Topic = log_error
2018/08/24 18:06:24.359 [D]  Topic = log_error    Value = 2018/08/23 18:28:47.163 [D]  init log success...
2018/08/24 18:06:24.361 [D]  Send to ES Server Success. Data = 2018/08/23 18:28:47.163 [D]  init log success...  Topic = log_normal
2018/08/24 18:06:24.361 [D]  Topic = log_normal    Value = 2018/08/23 18:28:47.175 [D]  init kafka server success...
2018/08/24 18:06:24.365 [D]  Send to ES Server Success. Data = 2018/08/23 18:28:47.163 [D]  init log success...  Topic = log_error
2018/08/24 18:06:24.365 [D]  Topic = log_error    Value = 2018/08/23 18:28:47.163 [D]  init etcd success...
2018/08/24 18:06:24.366 [D]  Send to ES Server Success. Data = 2018/08/23 18:28:47.175 [D]  init kafka server success...  Topic = log_normal
2018/08/24 18:06:24.366 [D]  Topic = log_normal    Value = 2018/08/23 18:28:47.163 [D]  init log success...
2018/08/24 18:06:24.373 [D]  Send to ES Server Success. Data = 2018/08/23 18:28:47.163 [D]  init etcd success...  Topic = log_error
2018/08/24 18:06:24.373 [D]  Topic = log_error    Value = 2018/08/23 18:28:47.175 [D]  init kafka server success...
2018/08/24 18:06:24.374 [D]  Send to ES Server Success. Data = 2018/08/23 18:28:47.163 [D]  init log success...  Topic = log_normal
2018/08/24 18:06:24.374 [D]  Topic = log_normal    Value = 2018/08/23 18:28:47.175 [D]  init kafka server success...
2018/08/24 18:06:24.378 [D]  Send to ES Server Success. Data = 2018/08/23 18:28:47.175 [D]  init kafka server success...  Topic = log_error
2018/08/24 18:06:24.378 [D]  Topic = log_error    Value = yu
2018/08/24 18:06:24.379 [D]  Send to ES Server Success. Data = 2018/08/23 18:28:47.175 [D]  init kafka server success...  Topic = log_normal
2018/08/24 18:06:24.379 [D]  Topic = log_normal    Value = 2018/08/23 18:28:47.163 [D]  init log success...
2018/08/24 18:06:24.382 [D]  Send to ES Server Success. Data = 2018/08/23 18:28:47.163 [D]  init log success...  Topic = log_normal
2018/08/24 18:06:24.382 [D]  Topic = log_normal    Value = 2018/08/23 18:28:47.175 [D]  init kafka server success...
2018/08/24 18:06:24.382 [D]  Send to ES Server Success. Data = yu  Topic = log_error
2018/08/24 18:06:24.382 [D]  Topic = log_error    Value = 2018/08/23 18:04:36.383 [D]  init log success...
2018/08/24 18:06:24.385 [D]  Send to ES Server Success. Data = 2018/08/23 18:04:36.383 [D]  init log success...  Topic = log_error
2018/08/24 18:06:24.385 [D]  Topic = log_error    Value = 2018/08/23 18:28:47.163 [D]  init log success...
2018/08/24 18:06:24.387 [D]  Send to ES Server Success. Data = 2018/08/23 18:28:47.175 [D]  init kafka server success...  Topic = log_normal
2018/08/24 18:06:24.387 [D]  Topic = log_normal    Value = 2018/08/23 18:28:47.163 [D]  init log success...
2018/08/24 18:06:24.395 [D]  Send to ES Server Success. Data = 2018/08/23 18:28:47.163 [D]  init log success...  Topic = log_error
2018/08/24 18:06:24.395 [D]  Topic = log_error    Value = 2018/08/23 18:28:47.163 [D]  init etcd success...
2018/08/24 18:06:24.397 [D]  Send to ES Server Success. Data = 2018/08/23 18:28:47.163 [D]  init log success...  Topic = log_normal
2018/08/24 18:06:24.397 [D]  Topic = log_normal    Value = 2018/08/23 18:28:47.175 [D]  init kafka server success...
2018/08/24 18:06:24.398 [D]  Send to ES Server Success. Data = 2018/08/23 18:28:47.163 [D]  init etcd success...  Topic = log_error
2018/08/24 18:06:24.398 [D]  Topic = log_error    Value = 2018/08/23 18:04:36.383 [D]  init log success...
2018/08/24 18:06:24.400 [D]  Send to ES Server Success. Data = 2018/08/23 18:28:47.175 [D]  init kafka server success...  Topic = log_normal
2018/08/24 18:06:24.400 [D]  Topic = log_normal    Value = 2018/08/23 18:28:47.163 [D]  init log success...
2018/08/24 18:06:24.402 [D]  Send to ES Server Success. Data = 2018/08/23 18:04:36.383 [D]  init log success...  Topic = log_error
2018/08/24 18:06:24.402 [D]  Topic = log_error    Value = 2018/08/23 18:28:47.163 [D]  init log success...
2018/08/24 18:06:24.403 [D]  Send to ES Server Success. Data = 2018/08/23 18:28:47.163 [D]  init log success...  Topic = log_normal
2018/08/24 18:06:24.404 [D]  Topic = log_normal    Value = 2018/08/23 18:28:47.175 [D]  init kafka server success...
2018/08/24 18:06:24.407 [D]  Send to ES Server Success. Data = 2018/08/23 18:28:47.163 [D]  init log success...  Topic = log_error
2018/08/24 18:06:24.407 [D]  Topic = log_error    Value = 2018/08/23 18:28:47.163 [D]  init etcd success...
2018/08/24 18:06:24.411 [D]  Send to ES Server Success. Data = 2018/08/23 18:28:47.175 [D]  init kafka server success...  Topic = log_normal
2018/08/24 18:06:24.411 [D]  Topic = log_normal    Value = 2018/08/23 18:28:47.163 [D]  init log success...
2018/08/24 18:06:24.414 [D]  Send to ES Server Success. Data = 2018/08/23 18:28:47.163 [D]  init etcd success...  Topic = log_error
2018/08/24 18:06:24.414 [D]  Topic = log_error    Value = 2018/08/23 18:28:47.163 [D]  init log success...
2018/08/24 18:06:24.416 [D]  Send to ES Server Success. Data = 2018/08/23 18:28:47.163 [D]  init log success...  Topic = log_normal
2018/08/24 18:06:24.416 [D]  Topic = log_normal    Value = 2018/08/23 18:28:47.175 [D]  init kafka server success...
2018/08/24 18:06:24.419 [D]  Send to ES Server Success. Data = 2018/08/23 18:28:47.163 [D]  init log success...  Topic = log_error
2018/08/24 18:06:24.419 [D]  Topic = log_error    Value = 2018/08/23 18:28:47.163 [D]  init log success...
2018/08/24 18:06:24.421 [D]  Send to ES Server Success. Data = 2018/08/23 18:28:47.175 [D]  init kafka server success...  Topic = log_normal
2018/08/24 18:06:24.421 [D]  Topic = log_normal    Value = 2018/08/23 18:28:47.163 [D]  init log success...
2018/08/24 18:06:24.424 [D]  Send to ES Server Success. Data = 2018/08/23 18:28:47.163 [D]  init log success...  Topic = log_error
2018/08/24 18:06:24.424 [D]  Topic = log_error    Value = 2018/08/23 18:28:47.163 [D]  init log success...
2018/08/24 18:06:24.424 [D]  Send to ES Server Success. Data = 2018/08/23 18:28:47.163 [D]  init log success...  Topic = log_normal
2018/08/24 18:06:24.424 [D]  Topic = log_normal    Value = 2018/08/23 18:28:47.175 [D]  init kafka server success...
2018/08/24 18:06:24.427 [D]  Send to ES Server Success. Data = 2018/08/23 18:28:47.163 [D]  init log success...  Topic = log_error
2018/08/24 18:06:24.427 [D]  Topic = log_error    Value = 2018/08/23 18:28:47.163 [D]  init log success...
2018/08/24 18:06:24.430 [D]  Send to ES Server Success. Data = 2018/08/23 18:28:47.175 [D]  init kafka server success...  Topic = log_normal
2018/08/24 18:06:24.430 [D]  Topic = log_normal    Value = 2018/08/23 18:28:47.163 [D]  init log success...
2018/08/24 18:06:24.431 [D]  Send to ES Server Success. Data = 2018/08/23 18:28:47.163 [D]  init log success...  Topic = log_error
2018/08/24 18:06:24.431 [D]  Topic = log_error    Value = 2018/08/23 18:28:47.163 [D]  init log success...
2018/08/24 18:06:24.433 [D]  Send to ES Server Success. Data = 2018/08/23 18:28:47.163 [D]  init log success...  Topic = log_normal
2018/08/24 18:06:24.433 [D]  Topic = log_normal    Value = 2018/08/23 18:28:47.175 [D]  init kafka server success...
2018/08/24 18:06:24.435 [D]  Send to ES Server Success. Data = 2018/08/23 18:28:47.163 [D]  init log success...  Topic = log_error
2018/08/24 18:06:24.435 [D]  Topic = log_error    Value = 2018/08/23 18:28:47.163 [D]  init log success...
2018/08/24 18:06:24.436 [D]  Send to ES Server Success. Data = 2018/08/23 18:28:47.175 [D]  init kafka server success...  Topic = log_normal
2018/08/24 18:06:24.436 [D]  Topic = log_normal    Value = 2018/08/23 18:28:47.163 [D]  init log success...
2018/08/24 18:06:24.443 [D]  Send to ES Server Success. Data = 2018/08/23 18:28:47.163 [D]  init log success...  Topic = log_error
2018/08/24 18:06:24.443 [D]  Topic = log_error    Value = 2018/08/23 18:28:47.163 [D]  init log success...
2018/08/24 18:06:24.448 [D]  Send to ES Server Success. Data = 2018/08/23 18:28:47.163 [D]  init log success...  Topic = log_normal
2018/08/24 18:06:24.448 [D]  Topic = log_normal    Value = 2018/08/23 18:28:47.175 [D]  init kafka server success...
2018/08/24 18:06:24.449 [D]  Send to ES Server Success. Data = 2018/08/23 18:28:47.163 [D]  init log success...  Topic = log_error
2018/08/24 18:06:24.450 [D]  Topic = log_error    Value = 2018/08/23 18:28:47.163 [D]  init log success...
2018/08/24 18:06:24.451 [D]  Send to ES Server Success. Data = 2018/08/23 18:28:47.175 [D]  init kafka server success...  Topic = log_normal
2018/08/24 18:06:24.451 [D]  Topic = log_normal    Value = 2018/08/23 18:28:47.163 [D]  init log success...
2018/08/24 18:06:24.455 [D]  Send to ES Server Success. Data = 2018/08/23 18:28:47.163 [D]  init log success...  Topic = log_error
2018/08/24 18:06:24.455 [D]  Topic = log_error    Value = 2018/08/23 18:28:47.163 [D]  init log success...
2018/08/24 18:06:24.456 [D]  Send to ES Server Success. Data = 2018/08/23 18:28:47.163 [D]  init log success...  Topic = log_normal
2018/08/24 18:06:24.456 [D]  Topic = log_normal    Value = 2018/08/23 18:28:47.175 [D]  init kafka server success...
2018/08/24 18:06:24.458 [D]  Send to ES Server Success. Data = 2018/08/23 18:28:47.163 [D]  init log success...  Topic = log_error
2018/08/24 18:06:24.458 [D]  Topic = log_error    Value = 2018/08/23 18:28:47.163 [D]  init log success...
2018/08/24 18:06:24.459 [D]  Send to ES Server Success. Data = 2018/08/23 18:28:47.175 [D]  init kafka server success...  Topic = log_normal
2018/08/24 18:06:24.459 [D]  Topic = log_normal    Value = 2018/08/23 18:04:36.383 [D]  init log success...
2018/08/24 18:06:24.461 [D]  Send to ES Server Success. Data = 2018/08/23 18:28:47.163 [D]  init log success...  Topic = log_error
2018/08/24 18:06:24.462 [D]  Topic = log_error    Value = 2018/08/23 18:04:36.383 [D]  init log success...
2018/08/24 18:06:24.463 [D]  Send to ES Server Success. Data = 2018/08/23 18:04:36.383 [D]  init log success...  Topic = log_normal
2018/08/24 18:06:24.463 [D]  Topic = log_normal    Value = 2018/08/23 18:28:47.163 [D]  init log success...
2018/08/24 18:06:24.465 [D]  Send to ES Server Success. Data = 2018/08/23 18:04:36.383 [D]  init log success...  Topic = log_error
2018/08/24 18:06:24.465 [D]  Topic = log_error    Value = 2018/08/23 18:28:47.163 [D]  init log success...
2018/08/24 18:06:24.468 [D]  Send to ES Server Success. Data = 2018/08/23 18:28:47.163 [D]  init log success...  Topic = log_error
2018/08/24 18:06:24.468 [D]  Topic = log_error    Value = 2018/08/23 18:28:47.163 [D]  init etcd success...
2018/08/24 18:06:24.469 [D]  Send to ES Server Success. Data = 2018/08/23 18:28:47.163 [D]  init log success...  Topic = log_normal
2018/08/24 18:06:24.469 [D]  Topic = log_normal    Value = 2018/08/23 18:28:47.163 [D]  init etcd success...
2018/08/24 18:06:24.472 [D]  Send to ES Server Success. Data = 2018/08/23 18:28:47.163 [D]  init etcd success...  Topic = log_error
2018/08/24 18:06:24.472 [D]  Topic = log_error    Value = 2018/08/23 18:04:36.383 [D]  init log success...
2018/08/24 18:06:24.472 [D]  Send to ES Server Success. Data = 2018/08/23 18:28:47.163 [D]  init etcd success...  Topic = log_normal
2018/08/24 18:06:24.472 [D]  Topic = log_normal    Value = 2018/08/23 18:28:47.175 [D]  init kafka server success...
2018/08/24 18:06:24.476 [D]  Send to ES Server Success. Data = 2018/08/23 18:04:36.383 [D]  init log success...  Topic = log_error
2018/08/24 18:06:24.476 [D]  Topic = log_error    Value = 2018/08/23 18:28:47.163 [D]  init log success...
2018/08/24 18:06:24.477 [D]  Send to ES Server Success. Data = 2018/08/23 18:28:47.175 [D]  init kafka server success...  Topic = log_normal
2018/08/24 18:06:24.477 [D]  Topic = log_normal    Value = i am a chinese
2018/08/24 18:06:24.479 [D]  Send to ES Server Success. Data = 2018/08/23 18:28:47.163 [D]  init log success...  Topic = log_error
2018/08/24 18:06:24.479 [D]  Topic = log_error    Value = 2018/08/23 18:28:47.163 [D]  init etcd success...
2018/08/24 18:06:24.480 [D]  Send to ES Server Success. Data = i am a chinese  Topic = log_normal
2018/08/24 18:06:24.480 [D]  Topic = log_normal    Value = 2018/08/23 18:04:36.383 [D]  init log success...
2018/08/24 18:06:24.482 [D]  Send to ES Server Success. Data = 2018/08/23 18:28:47.163 [D]  init etcd success...  Topic = log_error
2018/08/24 18:06:24.482 [D]  Topic = log_error    Value = 2018/08/23 18:04:36.383 [D]  init log success...
2018/08/24 18:06:24.484 [D]  Send to ES Server Success. Data = 2018/08/23 18:04:36.383 [D]  init log success...  Topic = log_normal
2018/08/24 18:06:24.485 [D]  Topic = log_normal    Value = 2018/08/23 18:28:47.163 [D]  init log success...
2018/08/24 18:06:24.486 [D]  Send to ES Server Success. Data = 2018/08/23 18:04:36.383 [D]  init log success...  Topic = log_error
2018/08/24 18:06:24.486 [D]  Topic = log_error    Value = 2018/08/23 18:28:47.163 [D]  init log success...
2018/08/24 18:06:24.506 [D]  Send to ES Server Success. Data = 2018/08/23 18:28:47.163 [D]  init log success...  Topic = log_normal
2018/08/24 18:06:24.506 [D]  Topic = log_normal    Value = 2018/08/23 18:28:47.163 [D]  init etcd success...
2018/08/24 18:06:24.507 [D]  Send to ES Server Success. Data = 2018/08/23 18:28:47.163 [D]  init log success...  Topic = log_error
2018/08/24 18:06:24.507 [D]  Topic = log_error    Value = 2018/08/23 18:28:47.163 [D]  init etcd success...
2018/08/24 18:06:24.510 [D]  Send to ES Server Success. Data = 2018/08/23 18:28:47.163 [D]  init etcd success...  Topic = log_normal
2018/08/24 18:06:24.510 [D]  Topic = log_normal    Value = 2018/08/23 18:28:47.175 [D]  init kafka server success...
2018/08/24 18:06:24.512 [D]  Send to ES Server Success. Data = 2018/08/23 18:28:47.163 [D]  init etcd success...  Topic = log_error
2018/08/24 18:06:24.512 [D]  Topic = log_error    Value = 2018/08/23 18:04:36.383 [D]  init log success...
2018/08/24 18:06:24.514 [D]  Send to ES Server Success. Data = 2018/08/23 18:28:47.175 [D]  init kafka server success...  Topic = log_normal
2018/08/24 18:06:24.514 [D]  Topic = log_normal    Value = i am a chinese
2018/08/24 18:06:24.517 [D]  Send to ES Server Success. Data = 2018/08/23 18:04:36.383 [D]  init log success...  Topic = log_error
2018/08/24 18:06:24.517 [D]  Topic = log_error    Value = 2018/08/23 18:28:47.163 [D]  init log success...
2018/08/24 18:06:24.518 [D]  Send to ES Server Success. Data = i am a chinese  Topic = log_normal
2018/08/24 18:06:24.518 [D]  Topic = log_normal    Value = 2018/08/23 18:04:36.383 [D]  init log success...
2018/08/24 18:06:24.522 [D]  Send to ES Server Success. Data = 2018/08/23 18:28:47.163 [D]  init log success...  Topic = log_error
2018/08/24 18:06:24.522 [D]  Topic = log_error    Value = 2018/08/23 18:28:47.163 [D]  init etcd success...
2018/08/24 18:06:24.522 [D]  Send to ES Server Success. Data = 2018/08/23 18:04:36.383 [D]  init log success...  Topic = log_normal
2018/08/24 18:06:24.522 [D]  Topic = log_normal    Value = 2018/08/23 18:28:47.163 [D]  init log success...
2018/08/24 18:06:24.525 [D]  Send to ES Server Success. Data = 2018/08/23 18:28:47.163 [D]  init etcd success...  Topic = log_error
2018/08/24 18:06:24.525 [D]  Topic = log_error    Value = 2018/08/23 18:04:36.383 [D]  init log success...
2018/08/24 18:06:24.526 [D]  Send to ES Server Success. Data = 2018/08/23 18:28:47.163 [D]  init log success...  Topic = log_normal
2018/08/24 18:06:24.526 [D]  Topic = log_normal    Value = 2018/08/23 18:28:47.163 [D]  init etcd success...
2018/08/24 18:06:24.528 [D]  Send to ES Server Success. Data = 2018/08/23 18:04:36.383 [D]  init log success...  Topic = log_error
2018/08/24 18:06:24.528 [D]  Topic = log_error    Value = 2018/08/23 18:28:47.163 [D]  init log success...
2018/08/24 18:06:24.529 [D]  Send to ES Server Success. Data = 2018/08/23 18:28:47.163 [D]  init etcd success...  Topic = log_normal
2018/08/24 18:06:24.529 [D]  Topic = log_normal    Value = 2018/08/23 18:28:47.175 [D]  init kafka server success...
2018/08/24 18:06:24.532 [D]  Send to ES Server Success. Data = 2018/08/23 18:28:47.163 [D]  init log success...  Topic = log_error
2018/08/24 18:06:24.532 [D]  Topic = log_error    Value = 2018/08/23 18:28:47.163 [D]  init etcd success...
2018/08/24 18:06:24.532 [D]  Send to ES Server Success. Data = 2018/08/23 18:28:47.175 [D]  init kafka server success...  Topic = log_normal
2018/08/24 18:06:24.532 [D]  Topic = log_normal    Value = i am a chinese
2018/08/24 18:06:24.534 [D]  Send to ES Server Success. Data = 2018/08/23 18:28:47.163 [D]  init etcd success...  Topic = log_error
2018/08/24 18:06:24.534 [D]  Send to ES Server Success. Data = i am a chinese  Topic = log_normal
2018/08/24 18:06:24.534 [D]  Topic = log_normal    Value = 2018/08/23 18:04:36.383 [D]  init log success...
2018/08/24 18:06:24.538 [D]  Send to ES Server Success. Data = 2018/08/23 18:04:36.383 [D]  init log success...  Topic = log_normal
2018/08/24 18:06:24.538 [D]  Topic = log_normal    Value = 2018/08/23 18:28:47.163 [D]  init log success...
2018/08/24 18:06:24.542 [D]  Send to ES Server Success. Data = 2018/08/23 18:28:47.163 [D]  init log success...  Topic = log_normal
2018/08/24 18:06:24.542 [D]  Topic = log_normal    Value = 2018/08/23 18:28:47.163 [D]  init etcd success...
2018/08/24 18:06:24.544 [D]  Send to ES Server Success. Data = 2018/08/23 18:28:47.163 [D]  init etcd success...  Topic = log_normal
2018/08/24 18:06:24.544 [D]  Topic = log_normal    Value = 2018/08/23 18:28:47.175 [D]  init kafka server success...
2018/08/24 18:06:24.547 [D]  Send to ES Server Success. Data = 2018/08/23 18:28:47.175 [D]  init kafka server success...  Topic = log_normal
2018/08/24 18:06:24.547 [D]  Topic = log_normal    Value = i am a chinese
2018/08/24 18:06:24.550 [D]  Send to ES Server Success. Data = i am a chinese  Topic = log_normal
2018/08/24 18:06:24.550 [D]  Topic = log_normal    Value = 2018/08/23 18:04:36.383 [D]  init log success...
2018/08/24 18:06:24.552 [D]  Send to ES Server Success. Data = 2018/08/23 18:04:36.383 [D]  init log success...  Topic = log_normal
2018/08/24 18:06:24.552 [D]  Topic = log_normal    Value = 2018/08/23 18:28:47.163 [D]  init log success...
2018/08/24 18:06:24.555 [D]  Send to ES Server Success. Data = 2018/08/23 18:28:47.163 [D]  init log success...  Topic = log_normal
2018/08/24 18:06:24.555 [D]  Topic = log_normal    Value = 2018/08/23 18:28:47.163 [D]  init etcd success...
2018/08/24 18:06:24.558 [D]  Send to ES Server Success. Data = 2018/08/23 18:28:47.163 [D]  init etcd success...  Topic = log_normal
2018/08/24 18:06:24.558 [D]  Topic = log_normal    Value = 2018/08/23 18:28:47.175 [D]  init kafka server success...
2018/08/24 18:06:24.560 [D]  Send to ES Server Success. Data = 2018/08/23 18:28:47.175 [D]  init kafka server success...  Topic = log_normal
2018/08/24 18:06:24.560 [D]  Topic = log_normal    Value = i am a chinese
2018/08/24 18:06:24.565 [D]  Send to ES Server Success. Data = i am a chinese  Topic = log_normal
